#! /c/Source/iverilog-install/bin/vvp
:ivl_version "12.0 (devel)" "(s20150603-1539-g2693dd32b)";
:ivl_delay_selection "TYPICAL";
:vpi_time_precision + 0;
:vpi_module "C:\ICARUS~1\lib\ivl\system.vpi";
:vpi_module "C:\ICARUS~1\lib\ivl\vhdl_sys.vpi";
:vpi_module "C:\ICARUS~1\lib\ivl\vhdl_textio.vpi";
:vpi_module "C:\ICARUS~1\lib\ivl\v2005_math.vpi";
:vpi_module "C:\ICARUS~1\lib\ivl\va_math.vpi";
S_000001d28a365ba0 .scope module, "Guia_0105a" "Guia_0105a" 2 5;
 .timescale 0 0;
v000001d28a2bbd60_0 .var "i", 71 0;
S_000001d28a379ff0 .scope begin, "main" "main" 2 12, 2 12 0, S_000001d28a365ba0;
 .timescale 0 0;
S_000001d28a368ed0 .scope module, "Guia_0105b" "Guia_0105b" 2 22;
 .timescale 0 0;
v000001d28a2bb5b0_0 .var "i", 71 0;
S_000001d28a2bce20 .scope begin, "main" "main" 2 29, 2 29 0, S_000001d28a368ed0;
 .timescale 0 0;
S_000001d28a3692f0 .scope module, "Guia_0105c" "Guia_0105c" 2 39;
 .timescale 0 0;
v000001d28a365000_0 .var "b", 111 0;
v000001d28a2bd140_0 .var "i", 111 0;
S_000001d28a2bcfb0 .scope begin, "main" "main" 2 46, 2 46 0, S_000001d28a3692f0;
 .timescale 0 0;
S_000001d28a369480 .scope module, "Guia_0105d" "Guia_0105d" 2 57;
 .timescale 0 0;
v000001d28a2bd1e0_0 .var "b", 80 0;
v000001d28a37a180_0 .var "i", 80 0;
S_000001d28a3756a0 .scope begin, "main" "main" 2 64, 2 64 0, S_000001d28a369480;
 .timescale 0 0;
S_000001d28a379e60 .scope module, "Guia_0105e" "Guia_0105e" 2 75;
 .timescale 0 0;
v000001d28a37a220_0 .var "b", 80 0;
v000001d28a3759c0_0 .var "i", 80 0;
S_000001d28a375830 .scope begin, "main" "main" 2 82, 2 82 0, S_000001d28a379e60;
 .timescale 0 0;
    .scope S_000001d28a365ba0;
T_0 ;
    %pushi/vec4 1347765037, 0, 32; draw_string_vec4
    %pushi/vec4 1298755169, 0, 32; draw_string_vec4
    %concat/vec4; draw_string_vec4
    %pushi/vec4 115, 0, 8; draw_string_vec4
    %concat/vec4; draw_string_vec4
    %store/vec4 v000001d28a2bbd60_0, 0, 72;
    %end;
    .thread T_0;
    .scope S_000001d28a365ba0;
T_1 ;
    %fork t_1, S_000001d28a379ff0;
    %jmp t_0;
    .scope S_000001d28a379ff0;
t_1 ;
    %vpi_call 2 13 "$display", "\012------------------------" {0 0 0};
    %vpi_call 2 14 "$display", "\012A)Convers\303\243o (16_ASCII)" {0 0 0};
    %vpi_call 2 15 "$display", "Entrada = %0s", v000001d28a2bbd60_0 {0 0 0};
    %vpi_call 2 16 "$display", "Tradu\303\247\303\243o = %h ", v000001d28a2bbd60_0 {0 0 0};
    %end;
    .scope S_000001d28a365ba0;
t_0 %join;
    %end;
    .thread T_1;
    .scope S_000001d28a368ed0;
T_2 ;
    %pushi/vec4 12848, 0, 32; draw_string_vec4
    %pushi/vec4 842214704, 0, 32; draw_string_vec4
    %concat/vec4; draw_string_vec4
    %pushi/vec4 50, 0, 8; draw_string_vec4
    %concat/vec4; draw_string_vec4
    %store/vec4 v000001d28a2bb5b0_0, 0, 72;
    %end;
    .thread T_2;
    .scope S_000001d28a368ed0;
T_3 ;
    %fork t_3, S_000001d28a2bce20;
    %jmp t_2;
    .scope S_000001d28a2bce20;
t_3 ;
    %vpi_call 2 30 "$display", "\012------------------------" {0 0 0};
    %vpi_call 2 31 "$display", "\012B)Convers\303\243o (16_ASCII)" {0 0 0};
    %vpi_call 2 32 "$display", "Entrada = %0s", v000001d28a2bb5b0_0 {0 0 0};
    %vpi_call 2 33 "$display", "Tradu\303\247\303\243o = %0h ", v000001d28a2bb5b0_0 {0 0 0};
    %end;
    .scope S_000001d28a368ed0;
t_2 %join;
    %end;
    .thread T_3;
    .scope S_000001d28a3692f0;
T_4 ;
    %pushi/vec4 1113943151, 0, 32; draw_string_vec4
    %pushi/vec4 541618034, 0, 32; draw_string_vec4
    %concat/vec4; draw_string_vec4
    %pushi/vec4 1769631598, 0, 32; draw_string_vec4
    %concat/vec4; draw_string_vec4
    %pushi/vec4 29797, 0, 16; draw_string_vec4
    %concat/vec4; draw_string_vec4
    %store/vec4 v000001d28a2bd140_0, 0, 112;
    %end;
    .thread T_4;
    .scope S_000001d28a3692f0;
T_5 ;
    %fork t_5, S_000001d28a2bcfb0;
    %jmp t_4;
    .scope S_000001d28a2bcfb0;
t_5 ;
    %vpi_call 2 47 "$display", "\012------------------------" {0 0 0};
    %vpi_call 2 48 "$display", "\012C)Convers\303\243o (2_ASCII)" {0 0 0};
    %vpi_call 2 49 "$display", "Entrada = %0s", v000001d28a2bd140_0 {0 0 0};
    %load/vec4 v000001d28a2bd140_0;
    %store/vec4 v000001d28a365000_0, 0, 112;
    %vpi_call 2 51 "$display", "Tradu\303\247\303\243o = %b ", v000001d28a365000_0 {0 0 0};
    %end;
    .scope S_000001d28a3692f0;
t_4 %join;
    %end;
    .thread T_5;
    .scope S_000001d28a369480;
T_6 ;
    %pushi/vec4 2631848680, 0, 74;
    %concati/vec4 101, 0, 7;
    %store/vec4 v000001d28a2bd1e0_0, 0, 81;
    %end;
    .thread T_6;
    .scope S_000001d28a369480;
T_7 ;
    %fork t_7, S_000001d28a3756a0;
    %jmp t_6;
    .scope S_000001d28a3756a0;
t_7 ;
    %vpi_call 2 65 "$display", "\012------------------------" {0 0 0};
    %vpi_call 2 66 "$display", "\012D)Convers\303\243o (8_ASCII)" {0 0 0};
    %vpi_call 2 67 "$display", "Entrada = %0o %0o %0o %0o %0o", &PV<v000001d28a2bd1e0_0, 32, 8>, &PV<v000001d28a2bd1e0_0, 24, 8>, &PV<v000001d28a2bd1e0_0, 16, 8>, &PV<v000001d28a2bd1e0_0, 8, 8>, &PV<v000001d28a2bd1e0_0, 0, 9> {0 0 0};
    %load/vec4 v000001d28a2bd1e0_0;
    %store/vec4 v000001d28a37a180_0, 0, 81;
    %vpi_call 2 69 "$display", "Tradu\303\247\303\243o = %0s ", v000001d28a2bd1e0_0 {0 0 0};
    %end;
    .scope S_000001d28a369480;
t_6 %join;
    %end;
    .thread T_7;
    .scope S_000001d28a379e60;
T_8 ;
    %pushi/vec4 2589737102, 0, 74;
    %concati/vec4 46, 0, 7;
    %store/vec4 v000001d28a37a220_0, 0, 81;
    %end;
    .thread T_8;
    .scope S_000001d28a379e60;
T_9 ;
    %fork t_9, S_000001d28a375830;
    %jmp t_8;
    .scope S_000001d28a375830;
t_9 ;
    %vpi_call 2 83 "$display", "\012------------------------" {0 0 0};
    %vpi_call 2 84 "$display", "\012E)Convers\303\243o (16_ASCII)" {0 0 0};
    %vpi_call 2 85 "$display", "Entrada = %0h %0h %0h %0h %0h", &PV<v000001d28a37a220_0, 32, 8>, &PV<v000001d28a37a220_0, 24, 8>, &PV<v000001d28a37a220_0, 16, 8>, &PV<v000001d28a37a220_0, 8, 8>, &PV<v000001d28a37a220_0, 0, 9> {0 0 0};
    %load/vec4 v000001d28a37a220_0;
    %store/vec4 v000001d28a3759c0_0, 0, 81;
    %vpi_call 2 87 "$display", "Tradu\303\247\303\243o = %0s ", v000001d28a37a220_0 {0 0 0};
    %end;
    .scope S_000001d28a379e60;
t_8 %join;
    %end;
    .thread T_9;
# The file index is used to find the file name in the following table.
:file_names 3;
    "N/A";
    "<interactive>";
    "Guia_0105.v";
